SF:lib/src/badge_border_gradient.dart
DA:7,1
DA:9,1
DA:12,1
DA:15,1
DA:16,2
DA:18,1
DA:21,0
DA:30,0
DA:31,0
DA:33,0
DA:35,0
DA:37,0
DA:44,0
DA:45,0
DA:46,0
DA:49,0
DA:50,0
DA:51,0
DA:52,0
DA:55,1
DA:60,0
DA:61,0
DA:62,0
DA:63,0
DA:64,0
LF:25
LH:7
end_of_record
SF:lib/src/painters/instagram_badge_shape_painter.dart
DA:11,1
DA:19,0
DA:21,0
DA:22,0
DA:24,0
DA:25,0
DA:26,0
DA:28,0
DA:29,0
DA:30,0
DA:36,0
DA:37,0
DA:38,0
DA:39,0
DA:41,0
DA:42,0
DA:43,0
DA:49,0
DA:50,0
DA:51,0
DA:52,0
DA:53,0
DA:54,0
DA:55,0
DA:56,0
DA:57,0
DA:58,0
DA:59,0
DA:60,0
DA:61,0
DA:62,0
DA:63,0
DA:64,0
DA:65,0
DA:66,0
DA:67,0
DA:68,0
DA:69,0
DA:70,0
DA:71,0
DA:72,0
DA:73,0
DA:75,0
DA:76,0
DA:77,0
DA:78,0
DA:82,1
LF:47
LH:2
end_of_record
SF:lib/src/painters/twitter_badge_shape_painter.dart
DA:11,1
DA:19,0
DA:21,0
DA:22,0
DA:24,0
DA:25,0
DA:26,0
DA:28,0
DA:29,0
DA:30,0
DA:36,0
DA:37,0
DA:38,0
DA:39,0
DA:41,0
DA:42,0
DA:43,0
DA:49,0
DA:50,0
DA:51,0
DA:52,0
DA:53,0
DA:54,0
DA:55,0
DA:56,0
DA:57,0
DA:58,0
DA:59,0
DA:60,0
DA:61,0
DA:62,0
DA:63,0
DA:64,0
DA:65,0
DA:67,0
DA:68,0
DA:69,0
DA:70,0
DA:74,1
LF:39
LH:2
end_of_record
SF:lib/src/utils/calculation_utils.dart
DA:7,1
DA:9,1
DA:12,1
DA:16,1
DA:19,1
DA:20,2
DA:21,2
DA:22,2
DA:23,2
DA:29,1
DA:34,1
DA:38,1
DA:39,1
DA:42,1
DA:45,2
DA:46,1
DA:47,2
DA:48,2
DA:50,1
DA:51,2
DA:52,2
DA:53,2
DA:54,2
DA:58,1
DA:63,1
DA:64,3
DA:65,1
DA:66,3
DA:67,1
DA:68,3
DA:69,1
DA:70,3
DA:71,1
DA:72,3
DA:73,1
DA:74,3
DA:75,1
DA:76,3
DA:77,1
DA:78,3
DA:79,1
DA:80,3
DA:82,1
LF:43
LH:43
end_of_record
SF:lib/src/utils/drawing_utils.dart
DA:7,1
DA:15,1
DA:16,1
DA:22,1
DA:23,1
DA:29,1
DA:30,1
LF:7
LH:7
end_of_record
SF:lib/src/badge.dart
DA:8,2
DA:19,1
DA:56,1
DA:57,1
DA:66,1
DA:68,1
DA:69,1
DA:70,5
DA:71,2
DA:72,3
DA:73,3
DA:76,2
DA:77,3
DA:78,3
DA:82,2
DA:83,1
DA:84,3
DA:87,5
DA:88,2
DA:89,2
DA:91,4
DA:92,2
DA:93,2
DA:100,1
DA:102,2
DA:103,2
DA:104,0
DA:105,4
DA:107,1
DA:108,2
DA:110,1
DA:113,2
DA:114,2
DA:115,1
DA:116,3
DA:117,2
DA:119,1
DA:122,2
DA:123,2
DA:124,3
DA:125,2
DA:126,2
DA:127,4
DA:134,1
DA:135,3
DA:136,2
DA:140,1
DA:141,2
DA:144,2
DA:147,1
DA:148,4
DA:149,1
DA:150,3
DA:151,3
DA:153,1
DA:154,3
DA:155,3
DA:157,3
DA:159,4
DA:160,4
DA:162,3
DA:163,1
DA:164,4
DA:165,4
DA:169,1
DA:170,1
DA:171,1
DA:172,1
DA:173,1
DA:174,1
DA:175,1
DA:177,1
DA:178,1
DA:179,3
DA:180,3
DA:181,3
DA:182,3
DA:183,3
DA:185,1
DA:186,3
DA:187,2
DA:190,1
DA:192,3
DA:193,1
DA:194,3
DA:195,3
DA:196,3
DA:198,4
DA:199,1
DA:200,3
DA:203,3
DA:206,1
DA:207,3
DA:209,4
DA:211,3
DA:214,1
DA:215,3
DA:216,2
DA:225,3
DA:226,4
DA:227,1
DA:228,3
DA:229,1
DA:230,2
DA:231,1
DA:232,4
DA:234,3
DA:235,4
DA:237,3
DA:238,4
DA:240,1
DA:241,1
DA:242,3
DA:244,3
DA:245,1
DA:247,4
DA:249,1
DA:250,1
DA:251,1
DA:256,1
DA:259,1
DA:261,1
DA:262,3
DA:263,6
DA:264,2
DA:265,3
DA:266,2
DA:267,2
DA:270,4
DA:271,2
DA:272,2
DA:273,2
DA:278,5
DA:279,2
DA:280,1
DA:281,3
DA:282,2
DA:283,3
DA:284,2
DA:285,2
DA:286,4
DA:287,0
DA:288,0
DA:295,5
DA:296,2
DA:297,1
DA:298,3
DA:299,0
DA:300,0
DA:301,0
DA:302,0
DA:303,0
DA:309,3
DA:310,2
DA:311,1
DA:312,0
DA:313,0
DA:317,3
DA:318,2
DA:319,1
DA:320,2
DA:322,3
DA:323,0
DA:324,0
DA:325,3
DA:326,2
DA:327,2
DA:332,1
DA:334,2
DA:335,2
DA:336,1
LF:171
LH:159
end_of_record
SF:lib/src/badge_position.dart
DA:23,2
DA:33,1
DA:39,1
DA:40,1
DA:45,1
DA:46,1
DA:51,1
DA:52,1
DA:57,1
DA:58,1
DA:61,1
DA:68,1
LF:12
LH:12
end_of_record
SF:lib/src/badge_positioned.dart
DA:20,1
DA:21,1
DA:23,1
DA:25,1
DA:27,1
DA:28,1
DA:29,1
DA:30,1
DA:31,1
DA:35,1
DA:36,0
DA:37,0
DA:39,0
DA:44,1
DA:45,1
DA:46,1
DA:47,1
DA:48,1
DA:49,1
LF:19
LH:16
end_of_record
SF:lib/src/badge_style.dart
DA:36,3
LF:1
LH:1
end_of_record
SF:lib/src/badge_animation.dart
DA:70,3
DA:88,2
DA:103,2
DA:118,2
DA:133,2
DA:153,2
DA:155,1
DA:156,3
LF:8
LH:8
end_of_record
SF:lib/src/badge_gradient.dart
DA:20,1
DA:35,1
DA:50,1
DA:65,1
DA:66,1
DA:67,1
DA:68,1
DA:69,1
DA:70,1
DA:71,1
DA:72,1
DA:73,1
DA:74,1
DA:76,1
DA:77,1
DA:78,1
DA:79,1
DA:80,1
DA:81,1
DA:82,1
DA:83,1
DA:84,1
DA:85,1
DA:87,1
DA:88,1
DA:89,1
DA:90,1
DA:91,1
DA:92,1
DA:93,1
DA:94,1
DA:95,1
LF:32
LH:32
end_of_record
SF:lib/src/utils/gradient_utils.dart
DA:8,0
DA:13,0
DA:14,0
DA:15,0
DA:16,0
DA:17,0
DA:21,0
DA:22,0
DA:26,0
DA:28,0
DA:29,0
DA:30,0
DA:31,0
DA:35,0
DA:36,0
DA:38,0
DA:39,0
DA:40,0
DA:41,0
DA:45,0
LF:20
LH:0
end_of_record
